<?xml version="1.0" encoding="UTF-8"?>
<testng-results ignored="0" total="1" passed="1" failed="0" skipped="0">
  <reporter-output>
  </reporter-output>
  <suite started-at="2023-07-14T00:56:24 IST" name="Default suite" finished-at="2023-07-14T00:57:05 IST" duration-ms="41482">
    <groups>
    </groups>
    <test started-at="2023-07-14T00:56:24 IST" name="Default test" finished-at="2023-07-14T00:57:05 IST" duration-ms="41482">
      <class name="Test.FbLoginTest">
        <test-method is-config="true" signature="setUp()[pri:0, instance:Test.FbLoginTest@74ea2410]" started-at="2023-07-14T00:56:24 IST" name="setUp" finished-at="2023-07-14T00:56:30 IST" duration-ms="6418" status="PASS">
          <reporter-output>
          </reporter-output>
        </test-method> <!-- setUp -->
        <test-method signature="verifyLoginWithValidCred()[pri:0, instance:Test.FbLoginTest@74ea2410]" started-at="2023-07-14T00:56:30 IST" name="verifyLoginWithValidCred" finished-at="2023-07-14T00:57:05 IST" duration-ms="34969" status="PASS">
          <reporter-output>
          </reporter-output>
        </test-method> <!-- verifyLoginWithValidCred -->
      </class> <!-- Test.FbLoginTest -->
    </test> <!-- Default test -->
  </suite> <!-- Default suite -->
</testng-results>
